100%|█████████████████████████████████████████████████████████████████████████████████████████████████████████████████████████████████████████████████████████████████████████████████████████████| 85/85 [01:12<00:00,  1.18it/s]
Epoch: 0
  0%|                                                                                                                                                                                                      | 0/22 [00:00<?, ?it/s]
Iteration: 85 Train Loss: 0.4578 Dice Loss: 0.4445
  0%|                                                                                                                                                                                                     | 0/100 [01:12<?, ?it/s]
Traceback (most recent call last):
  File "/home/cpena106/Documents/PhD_Projects/csci6370_final_project_team5/train_final_project_transunet.py", line 195, in validate
    "valid/Prediction": wandb.Image(outputs[1, ...] * 50, caption="Validation Prediction"),
                        ^^^^^^^^^^^^^^^^^^^^^^^^^^^^^^^^^^^^^^^^^^^^^^^^^^^^^^^^^^^^^^^^^^
  File "/home/cpena106/miniconda3/envs/SwinUnetTests/lib/python3.12/site-packages/wandb/sdk/data_types/image.py", line 182, in __init__
    self._initialize_from_data(data_or_path, mode, file_type)
  File "/home/cpena106/miniconda3/envs/SwinUnetTests/lib/python3.12/site-packages/wandb/sdk/data_types/image.py", line 317, in _initialize_from_data
    data = vis_util.make_grid(data, normalize=True)
           ^^^^^^^^^^^^^^^^^^^^^^^^^^^^^^^^^^^^^^^^
  File "/home/cpena106/miniconda3/envs/SwinUnetTests/lib/python3.12/site-packages/torch/utils/_contextlib.py", line 116, in decorate_context
    return func(*args, **kwargs)
           ^^^^^^^^^^^^^^^^^^^^^
  File "/home/cpena106/miniconda3/envs/SwinUnetTests/lib/python3.12/site-packages/torchvision/utils.py", line 98, in make_grid
    norm_range(tensor, value_range)
  File "/home/cpena106/miniconda3/envs/SwinUnetTests/lib/python3.12/site-packages/torchvision/utils.py", line 92, in norm_range
    norm_ip(t, float(t.min()), float(t.max()))
  File "/home/cpena106/miniconda3/envs/SwinUnetTests/lib/python3.12/site-packages/torchvision/utils.py", line 85, in norm_ip
    img.clamp_(min=low, max=high)
RuntimeError: result type Float can't be cast to the desired output type long int

During handling of the above exception, another exception occurred:

Traceback (most recent call last):
  File "/home/cpena106/Documents/PhD_Projects/csci6370_final_project_team5/train_final_project_transunet.py", line 241, in <module>
    validate()
  File "/home/cpena106/Documents/PhD_Projects/csci6370_final_project_team5/train_final_project_transunet.py", line 209, in validate
    "valid/Prediction": wandb.Image(outputs[0, ...] * 50, caption="Validation Prediction"),
                        ^^^^^^^^^^^^^^^^^^^^^^^^^^^^^^^^^^^^^^^^^^^^^^^^^^^^^^^^^^^^^^^^^^
  File "/home/cpena106/miniconda3/envs/SwinUnetTests/lib/python3.12/site-packages/wandb/sdk/data_types/image.py", line 182, in __init__
    self._initialize_from_data(data_or_path, mode, file_type)
  File "/home/cpena106/miniconda3/envs/SwinUnetTests/lib/python3.12/site-packages/wandb/sdk/data_types/image.py", line 317, in _initialize_from_data
    data = vis_util.make_grid(data, normalize=True)
           ^^^^^^^^^^^^^^^^^^^^^^^^^^^^^^^^^^^^^^^^
  File "/home/cpena106/miniconda3/envs/SwinUnetTests/lib/python3.12/site-packages/torch/utils/_contextlib.py", line 116, in decorate_context
    return func(*args, **kwargs)
           ^^^^^^^^^^^^^^^^^^^^^
  File "/home/cpena106/miniconda3/envs/SwinUnetTests/lib/python3.12/site-packages/torchvision/utils.py", line 98, in make_grid
    norm_range(tensor, value_range)
  File "/home/cpena106/miniconda3/envs/SwinUnetTests/lib/python3.12/site-packages/torchvision/utils.py", line 92, in norm_range
    norm_ip(t, float(t.min()), float(t.max()))
  File "/home/cpena106/miniconda3/envs/SwinUnetTests/lib/python3.12/site-packages/torchvision/utils.py", line 85, in norm_ip
    img.clamp_(min=low, max=high)
RuntimeError: result type Float can't be cast to the desired output type long int
